# Preference setting overrides
gui_create_pref_key -category {Globals} -key {load_detail_for_funcov} -value_type {bool} -value {false}

# State setting overrides
gui_state_default_create -off -ini
gui_set_state_value -category Globals -key recent_databases -value {{gui_open_db -file /home/uho/workspace/RISCV_RTL_SIM/sim/dump/Dev_top_test.vpd -design V1}}
gui_set_state_value -category Layout -key child_console_size_x -value 1854
gui_set_state_value -category Layout -key child_console_size_y -value 178
gui_set_state_value -category Layout -key child_data_coltype -value 76
gui_set_state_value -category Layout -key child_data_colvalue -value 109
gui_set_state_value -category Layout -key child_data_colvariable -value 229
gui_set_state_value -category Layout -key child_data_size_x -value 423
gui_set_state_value -category Layout -key child_data_size_y -value 802
gui_set_state_value -category Layout -key child_hier_col3 -value {-1}
gui_set_state_value -category Layout -key child_hier_colhier -value 232
gui_set_state_value -category Layout -key child_hier_colpd -value 0
gui_set_state_value -category Layout -key child_hier_coltype -value 103
gui_set_state_value -category Layout -key child_hier_size_x -value 345
gui_set_state_value -category Layout -key child_hier_size_y -value 802
gui_set_state_value -category Layout -key child_source_docknewline -value false
gui_set_state_value -category Layout -key child_source_pos_x -value {-2}
gui_set_state_value -category Layout -key child_source_pos_y -value {-15}
gui_set_state_value -category Layout -key child_source_size_x -value 1089
gui_set_state_value -category Layout -key child_source_size_y -value 797
gui_set_state_value -category Layout -key child_wave_colname -value 294
gui_set_state_value -category Layout -key child_wave_colvalue -value 240
gui_set_state_value -category Layout -key child_wave_left -value 538
gui_set_state_value -category Layout -key child_wave_right -value 1312
gui_set_state_value -category Layout -key main_pos_x -value 64
gui_set_state_value -category Layout -key main_pos_y -value 546
gui_set_state_value -category Layout -key main_size_x -value 1918
gui_set_state_value -category Layout -key main_size_y -value 1601
gui_set_state_value -category Layout -key stand_wave_child_docknewline -value false
gui_set_state_value -category Layout -key stand_wave_child_pos_x -value {-2}
gui_set_state_value -category Layout -key stand_wave_child_pos_y -value {-15}
gui_set_state_value -category Layout -key stand_wave_child_size_x -value 1860
gui_set_state_value -category Layout -key stand_wave_child_size_y -value 976
gui_set_state_value -category Layout -key stand_wave_top_pos_x -value 64
gui_set_state_value -category Layout -key stand_wave_top_pos_y -value 546
gui_set_state_value -category Layout -key stand_wave_top_size_x -value 1919
gui_set_state_value -category Layout -key stand_wave_top_size_y -value 1602
gui_create_state_key -category FindDialog -key m_pMatchCase -value_type bool -value false
gui_create_state_key -category FindDialog -key m_pMatchWord -value_type bool -value false
gui_create_state_key -category FindDialog -key m_pUseCombo -value_type string -value {}
gui_create_state_key -category FindDialog -key m_pWrapAround -value_type bool -value true
gui_state_default_create -off

# Begin command logging
gui_open_source /home/uho/workspace/RISCV_RTL_SIM/sim/dump/DVEfiles/session_2020-10-14T19_30_40.tcl
gui_src_highlight_item -id Source.1 -lfrom 32 -idxfrom 23 -fileIdFrom 0 -lto 32 -idxto 30 -fileIdTo 0 -selection {CovHier} -selectionId 0 -replace 0
gui_open_db -file /home/uho/workspace/RISCV_RTL_SIM/sim/dump/Dev_top_test.vpd -design V1
gui_list_select -id Hier.1 -current_item_name dport_axi -current_item_type Scope  -selected  {  }
gui_list_expand -id  Hier.1   tb_tcm_riscv_top
gui_list_select -id Hier.1 -current_item_name tb_tcm_riscv_top.UUT_RISCV_SOC -current_item_type Scope  -selected  { tb_tcm_riscv_top.UUT_RISCV_SOC   }
gui_list_expand -id  Hier.1   tb_tcm_riscv_top.UUT_RISCV_SOC
gui_list_select -id Hier.1 -current_item_name tb_tcm_riscv_top.UUT_RISCV_SOC -current_item_type Scope  -selected  {  }
gui_list_select -id Hier.1 -current_item_name tb_tcm_riscv_top.UUT_RISCV_SOC.u_core -current_item_type Scope  -selected  { tb_tcm_riscv_top.UUT_RISCV_SOC.u_core   }
gui_close_window -window TopLevel.1
gui_open_window Wave
gui_list_add -id Wave.1 -from Hier.1 { tb_tcm_riscv_top.UUT_RISCV_SOC.u_core } -insertionbar
gui_list_set_filter -id Wave.1 -text {*}
gui_marker_move -id  Wave.1 C1 49
gui_zoom -window Wave.1 -factor 0.5
gui_zoom -window Wave.1 -factor 0.5
gui_zoom -window Wave.1 -factor 0.5
gui_wv_scroll_hslidermove -id  Wave.1 0
gui_wv_scroll_hslidermove -id  Wave.1 0
gui_wv_scroll_hslidermove -id  Wave.1 0
gui_wv_scroll_hslidermove -id  Wave.1 0
gui_marker_move -id  Wave.1 C1 440
gui_zoom -window Wave.1 -factor 0.5
gui_zoom -window Wave.1 -factor 0.5
gui_zoom -window Wave.1 -factor 2
gui_zoom -window Wave.1 -factor 2
gui_zoom -window Wave.1 -factor 2
gui_zoom -window Wave.1 -factor 2
gui_zoom -window Wave.1 -factor 2
gui_zoom -window Wave.1 -factor 2
gui_wv_scroll_hslidermove -id  Wave.1 2582
gui_wv_scrollleft -id  Wave.1  page
gui_wv_scrollleft -id  Wave.1  page
gui_wv_scroll_hslidermove -id  Wave.1 0
gui_wv_scroll_hslidermove -id  Wave.1 0
gui_marker_move -id  Wave.1 C1 22
gui_marker_move -id  Wave.1 C1 24
gui_marker_move -id  Wave.1 C1 22
gui_wv_zoom_timerange -id  Wave.1 0 105
gui_wv_zoom_timerange -id  Wave.1 0 123
gui_wv_zoom_timerange -id  Wave.1 0 124
gui_marker_move -id  Wave.1 C1 59
gui_zoom -window Wave.1 -factor 0.5
gui_list_select -id Hier.1 -current_item_name tb_tcm_riscv_top.UUT_RISCV_SOC.u_core -current_item_type Scope  -selected  {  }
gui_list_select -id Hier.1 -current_item_name tb_tcm_riscv_top.UUT_RISCV_SOC.u_tcm -current_item_type Scope  -selected  { tb_tcm_riscv_top.UUT_RISCV_SOC.u_tcm   }
gui_list_select -id Hier.1 -current_item_name tb_tcm_riscv_top.UUT_RISCV_SOC.u_tcm -current_item_type Scope  -selected  {  }
gui_list_select -id Hier.1 -current_item_name tb_tcm_riscv_top.UUT_RISCV_SOC.u_tcm -current_item_type Scope  -selected  { tb_tcm_riscv_top.UUT_RISCV_SOC.u_tcm   }
gui_list_add -id Wave.1 -from Hier.1 { tb_tcm_riscv_top.UUT_RISCV_SOC.u_tcm } -insertionbar
gui_list_select -id Wave.1 -selected  { tb_tcm_riscv_top.UUT_RISCV_SOC.u_core.mmu_ifetch_valid_w   }
gui_list_select_all -id Wave.1
gui_delete_selected -id  Wave.1
gui_list_select -id Wave.1 -selected  { u_core|u_tcm   }
gui_list_select -id Hier.1 -current_item_name tb_tcm_riscv_top.UUT_RISCV_SOC.u_tcm -current_item_type Scope  -selected  {  }
gui_list_select -id Hier.1 -current_item_name tb_tcm_riscv_top.UUT_RISCV_SOC.u_tcm -current_item_type Scope  -selected  { tb_tcm_riscv_top.UUT_RISCV_SOC.u_tcm   }
gui_list_add -id Wave.1 -from Hier.1 { tb_tcm_riscv_top.UUT_RISCV_SOC.u_tcm } -insertionbar
gui_list_select -id Wave.1 -selected  { {tb_tcm_riscv_top.UUT_RISCV_SOC.u_tcm.axi_awid_i[3:0]}   }
gui_marker_move -id  Wave.1 C1 30
gui_open_source /home/uho/workspace/RISCV_RTL_SIM/sim/dump.tcl
gui_open_db -file /home/uho/workspace/RISCV_RTL_SIM/sim/dump/Dev_top_test.vpd -design V2
gui_list_select -id Hier.1 -current_item_name tb_tcm_riscv_top.UUT_RISCV_SOC.u_tcm -current_item_type Scope  -selected  {  }
gui_save_session -reload -default_file
gui_list_select -id Hier.1 -current_item_name tb_tcm_riscv_top -current_item_type Scope  -selected  { tb_tcm_riscv_top   }
gui_list_expand -id  Hier.1   tb_tcm_riscv_top
gui_marker_move -id  Wave.1 C1 62
gui_wv_scroll_vslidermove -id  Wave.1 0
gui_marker_move -id  Wave.1 C1 83
gui_list_select -id Hier.1 -current_item_name tb_tcm_riscv_top -current_item_type Scope  -selected  {  }
gui_list_select -id Hier.1 -current_item_name dport_axi -current_item_type Scope  -selected  { dport_axi   }
gui_list_add -id Wave.1 -from Hier.1 { dport_axi } -insertionbar
gui_list_select -id Wave.1 -selected  { {tb_tcm_riscv_top.UUT_RISCV_SOC.u_tcm.axi_bresp_o[1:0]}   }
gui_list_collapse -id  Wave.1   u_core
gui_list_expand -id  Wave.1   u_core
gui_list_collapse -id  Wave.1   u_core|u_tcm
gui_list_expand -id  Wave.1   u_core|u_tcm
gui_list_collapse -id  Wave.1   u_core|u_tcm|u_tcm
gui_list_expand -id  Wave.1   u_core|u_tcm|u_tcm
gui_list_select -id Wave.1 -selected  { tb_tcm_riscv_top.UUT_RISCV_SOC.u_tcm.mem_i_valid_o   }
gui_marker_move -id  Wave.1 C1 55
gui_wv_scroll_vslidermove -id  Wave.1 1527
gui_wv_scroll_vslidermove -id  Wave.1 0
gui_marker_move -id  Wave.1 C1 0
gui_list_select -id Wave.1 -selected  { {tb_tcm_riscv_top.UUT_RISCV_SOC.u_tcm.muxed_data_w[31:0]}   }
gui_list_select -id Wave.1 -selected  { {tb_tcm_riscv_top.UUT_RISCV_SOC.u_tcm.mem_d_wr_i[3:0]}   }
gui_marker_move -id  Wave.1 C1 35
gui_close_window -window TopLevel.2
gui_list_select -id Hier.1 -current_item_name dport_axi -current_item_type Scope  -selected  {  }
gui_list_select -id Hier.1 -current_item_name tb_tcm_riscv_top.UUT_RISCV_SOC -current_item_type Scope  -selected  { tb_tcm_riscv_top.UUT_RISCV_SOC   }
gui_list_select -id Hier.1 -current_item_name tb_tcm_riscv_top.UUT_RISCV_SOC -current_item_type Scope  -selected  {  }
gui_list_select -id Hier.1 -current_item_name tb_tcm_riscv_top.UUT_RISCV_SOC -current_item_type Scope  -selected  { tb_tcm_riscv_top.UUT_RISCV_SOC   }
gui_open_window Wave
gui_list_add -id Wave.1 -from Hier.1 { tb_tcm_riscv_top.UUT_RISCV_SOC } -insertionbar
gui_marker_move -id  Wave.1 C1 55
gui_wv_scroll_hslidermove -id  Wave.1 0
gui_wv_scroll_hslidermove -id  Wave.1 0
gui_wv_scroll_hslidermove -id  Wave.1 0
gui_wv_scroll_hslidermove -id  Wave.1 0
gui_marker_move -id  Wave.1 C1 50
gui_marker_move -id  Wave.1 C1 41
gui_zoom -window Wave.1 -factor 2
gui_zoom -window Wave.1 -factor 2
gui_zoom -window Wave.1 -factor 2
gui_zoom -window Wave.1 -factor 2
gui_zoom -window Wave.1 -factor 2
gui_zoom -window Wave.1 -factor 2
gui_zoom -window Wave.1 -factor 2
gui_zoom -window Wave.1 -factor 2
gui_zoom -window Wave.1 -factor 2
gui_zoom -window Wave.1 -factor 2
gui_zoom -window Wave.1 -factor 2
gui_zoom -window Wave.1 -factor 2
gui_marker_move -id  Wave.1 C1 40
gui_wv_scroll_hslidermove -id  Wave.1 0
gui_wv_scroll_hslidermove -id  Wave.1 0
gui_marker_move -id  Wave.1 C1 1
gui_marker_move -id  Wave.1 C1 1
gui_marker_move -id  Wave.1 C1 1
gui_marker_move -id  Wave.1 C1 1
gui_get_drivers -id Wave.1 -signal tb_tcm_riscv_top.UUT_RISCV_SOC.axi_t_rvalid_o
gui_marker_move -id  Wave.1 C1 1
gui_get_drivers -id Wave.1 -signal tb_tcm_riscv_top.UUT_RISCV_SOC.axi_t_rvalid_o
gui_marker_move -id  Wave.1 C1 1
gui_marker_move -id  Wave.1 C1 1
gui_marker_move -id  Wave.1 C1 1
gui_wv_zoom_timerange -id  Wave.1 1 2
gui_marker_move -id  Wave.1 C1 1
gui_zoom -window Wave.1 -factor 2
gui_zoom -window Wave.1 -factor 0.5
gui_zoom -window Wave.1 -factor 0.5
gui_zoom -window Wave.1 -factor 0.5
gui_zoom -window Wave.1 -factor 0.5
gui_zoom -window Wave.1 -factor 0.5
gui_zoom -window Wave.1 -factor 0.5
gui_zoom -window Wave.1 -factor 0.5
gui_zoom -window Wave.1 -factor 0.5
gui_zoom -window Wave.1 -factor 0.5
gui_zoom -window Wave.1 -factor 0.5
gui_zoom -window Wave.1 -factor 2
gui_zoom -window Wave.1 -factor 2
gui_zoom -window Wave.1 -factor 2
gui_zoom -window Wave.1 -factor 2
gui_zoom -window Wave.1 -factor 2
gui_zoom -window Wave.1 -factor 2
gui_list_select -id Wave.1 -selected  { tb_tcm_riscv_top.UUT_RISCV_SOC.rst_cpu_i   }
gui_list_select_all -id Wave.1
gui_list_expand -id  Hier.1   tb_tcm_riscv_top.UUT_RISCV_SOC
gui_list_select -id Hier.1 -current_item_name tb_tcm_riscv_top.wait_clocks -current_item_type Scope  -selected  { tb_tcm_riscv_top.wait_clocks   }
gui_list_select -id Hier.1 -current_item_name tb_tcm_riscv_top.UUT_RISCV_SOC.u_tcm -current_item_type Scope  -selected  { tb_tcm_riscv_top.UUT_RISCV_SOC.u_tcm   }
gui_list_add -id Wave.1 -from Hier.1 { tb_tcm_riscv_top.UUT_RISCV_SOC.u_tcm } -insertionbar
gui_list_select -id Wave.1 -selected  { tb_tcm_riscv_top.UUT_RISCV_SOC.axi_i_arready_i   }
gui_list_select -id Wave.1 -selected  { tb_tcm_riscv_top.UUT_RISCV_SOC.axi_i_awready_i   }
gui_list_select_all -id Wave.1
gui_delete_selected -id  Wave.1
gui_list_select -id Wave.1 -selected  { UUT_RISCV_SOC|u_tcm   }
gui_list_select -id Wave.1 -selected  {  }
gui_list_add -id Wave.1 -from Hier.1 { tb_tcm_riscv_top.UUT_RISCV_SOC.u_tcm } -insertionbar
gui_list_select -id Wave.1 -selected  { tb_tcm_riscv_top.UUT_RISCV_SOC.u_tcm.axi_rvalid_o   }
gui_marker_move -id  Wave.1 C1 2
gui_zoom -window Wave.1 -factor 0.5
gui_zoom -window Wave.1 -factor 0.5
gui_zoom -window Wave.1 -factor 0.5
gui_marker_move -id  Wave.1 C1 15
gui_marker_move -id  Wave.1 C1 19
gui_list_select -id Hier.1 -current_item_name tb_tcm_riscv_top.UUT_RISCV_SOC.u_tcm -current_item_type Scope  -selected  {  }
gui_save_session -reload -default_file
